[2024-03-18 23:19:41] local.ERROR: Route [profile.update] not defined. {"view":{"view":"/Users/mazbaz/Projects/VictoriaLabs/Developpement/laravel-sb-admin-2/resources/views/profile.blade.php","data":{"errors":"<pre class=sf-dump id=sf-dump-1696839255 data-indent-pad=\"  \"><span class=sf-dump-note>Illuminate\\Support\\ViewErrorBag</span> {<a class=sf-dump-ref>#888</a><samp data-depth=1 class=sf-dump-expanded>
  #<span class=sf-dump-protected title=\"Protected property\">bags</span>: []
</samp>}
</pre><script>Sfdump(\"sf-dump-1696839255\", {\"maxDepth\":3,\"maxStringLength\":160})</script>
"}},"userId":1,"exception":"[object] (Spatie\\LaravelIgnition\\Exceptions\\ViewException(code: 0): Route [profile.update] not defined. at /Users/mazbaz/Projects/VictoriaLabs/Developpement/laravel-sb-admin-2/vendor/laravel/framework/src/Illuminate/Routing/UrlGenerator.php:477)
[stacktrace]
#0 /Users/mazbaz/Projects/VictoriaLabs/Developpement/laravel-sb-admin-2/vendor/laravel/framework/src/Illuminate/Foundation/helpers.php(811): Illuminate\\Routing\\UrlGenerator->route('profile.update', Array, true)
#1 /Users/mazbaz/Projects/VictoriaLabs/Developpement/laravel-sb-admin-2/resources/views/profile.blade.php(80): route('profile.update')
#2 /Users/mazbaz/Projects/VictoriaLabs/Developpement/laravel-sb-admin-2/vendor/laravel/framework/src/Illuminate/Filesystem/Filesystem.php(123): require('/Users/mazbaz/P...')
#3 /Users/mazbaz/Projects/VictoriaLabs/Developpement/laravel-sb-admin-2/vendor/laravel/framework/src/Illuminate/Filesystem/Filesystem.php(124): Illuminate\\Filesystem\\Filesystem::Illuminate\\Filesystem\\{closure}()
#4 /Users/mazbaz/Projects/VictoriaLabs/Developpement/laravel-sb-admin-2/vendor/laravel/framework/src/Illuminate/View/Engines/PhpEngine.php(58): Illuminate\\Filesystem\\Filesystem->getRequire('/Users/mazbaz/P...', Array)
#5 /Users/mazbaz/Projects/VictoriaLabs/Developpement/laravel-sb-admin-2/vendor/livewire/livewire/src/Mechanisms/ExtendBlade/ExtendedCompilerEngine.php(22): Illuminate\\View\\Engines\\PhpEngine->evaluatePath('/Users/mazbaz/P...', Array)
#6 /Users/mazbaz/Projects/VictoriaLabs/Developpement/laravel-sb-admin-2/vendor/laravel/framework/src/Illuminate/View/Engines/CompilerEngine.php(73): Livewire\\Mechanisms\\ExtendBlade\\ExtendedCompilerEngine->evaluatePath('/Users/mazbaz/P...', Array)
#7 /Users/mazbaz/Projects/VictoriaLabs/Developpement/laravel-sb-admin-2/vendor/livewire/livewire/src/Mechanisms/ExtendBlade/ExtendedCompilerEngine.php(10): Illuminate\\View\\Engines\\CompilerEngine->get('/Users/mazbaz/P...', Array)
#8 /Users/mazbaz/Projects/VictoriaLabs/Developpement/laravel-sb-admin-2/vendor/laravel/framework/src/Illuminate/View/View.php(208): Livewire\\Mechanisms\\ExtendBlade\\ExtendedCompilerEngine->get('/Users/mazbaz/P...', Array)
#9 /Users/mazbaz/Projects/VictoriaLabs/Developpement/laravel-sb-admin-2/vendor/laravel/framework/src/Illuminate/View/View.php(191): Illuminate\\View\\View->getContents()
#10 /Users/mazbaz/Projects/VictoriaLabs/Developpement/laravel-sb-admin-2/vendor/laravel/framework/src/Illuminate/View/View.php(160): Illuminate\\View\\View->renderContents()
#11 /Users/mazbaz/Projects/VictoriaLabs/Developpement/laravel-sb-admin-2/vendor/laravel/framework/src/Illuminate/Http/Response.php(70): Illuminate\\View\\View->render()
#12 /Users/mazbaz/Projects/VictoriaLabs/Developpement/laravel-sb-admin-2/vendor/laravel/framework/src/Illuminate/Http/Response.php(35): Illuminate\\Http\\Response->setContent(Object(Illuminate\\View\\View))
#13 /Users/mazbaz/Projects/VictoriaLabs/Developpement/laravel-sb-admin-2/vendor/laravel/framework/src/Illuminate/Routing/Router.php(918): Illuminate\\Http\\Response->__construct(Object(Illuminate\\View\\View), 200, Array)
#14 /Users/mazbaz/Projects/VictoriaLabs/Developpement/laravel-sb-admin-2/vendor/laravel/framework/src/Illuminate/Routing/Router.php(885): Illuminate\\Routing\\Router::toResponse(Object(Illuminate\\Http\\Request), Object(Illuminate\\View\\View))
#15 /Users/mazbaz/Projects/VictoriaLabs/Developpement/laravel-sb-admin-2/vendor/laravel/framework/src/Illuminate/Routing/Router.php(805): Illuminate\\Routing\\Router->prepareResponse(Object(Illuminate\\Http\\Request), Object(Illuminate\\View\\View))
#16 /Users/mazbaz/Projects/VictoriaLabs/Developpement/laravel-sb-admin-2/vendor/laravel/framework/src/Illuminate/Pipeline/Pipeline.php(144): Illuminate\\Routing\\Router->Illuminate\\Routing\\{closure}(Object(Illuminate\\Http\\Request))
#17 /Users/mazbaz/Projects/VictoriaLabs/Developpement/laravel-sb-admin-2/vendor/laravel/framework/src/Illuminate/Routing/Middleware/SubstituteBindings.php(50): Illuminate\\Pipeline\\Pipeline->Illuminate\\Pipeline\\{closure}(Object(Illuminate\\Http\\Request))
#18 /Users/mazbaz/Projects/VictoriaLabs/Developpement/laravel-sb-admin-2/vendor/laravel/framework/src/Illuminate/Pipeline/Pipeline.php(183): Illuminate\\Routing\\Middleware\\SubstituteBindings->handle(Object(Illuminate\\Http\\Request), Object(Closure))
#19 /Users/mazbaz/Projects/VictoriaLabs/Developpement/laravel-sb-admin-2/vendor/laravel/framework/src/Illuminate/Auth/Middleware/Authenticate.php(64): Illuminate\\Pipeline\\Pipeline->Illuminate\\Pipeline\\{closure}(Object(Illuminate\\Http\\Request))
#20 /Users/mazbaz/Projects/VictoriaLabs/Developpement/laravel-sb-admin-2/vendor/laravel/framework/src/Illuminate/Pipeline/Pipeline.php(183): Illuminate\\Auth\\Middleware\\Authenticate->handle(Object(Illuminate\\Http\\Request), Object(Closure))
#21 /Users/mazbaz/Projects/VictoriaLabs/Developpement/laravel-sb-admin-2/vendor/laravel/framework/src/Illuminate/Foundation/Http/Middleware/VerifyCsrfToken.php(81): Illuminate\\Pipeline\\Pipeline->Illuminate\\Pipeline\\{closure}(Object(Illuminate\\Http\\Request))
#22 /Users/mazbaz/Projects/VictoriaLabs/Developpement/laravel-sb-admin-2/vendor/laravel/framework/src/Illuminate/Pipeline/Pipeline.php(183): Illuminate\\Foundation\\Http\\Middleware\\VerifyCsrfToken->handle(Object(Illuminate\\Http\\Request), Object(Closure))
#23 /Users/mazbaz/Projects/VictoriaLabs/Developpement/laravel-sb-admin-2/vendor/laravel/framework/src/Illuminate/View/Middleware/ShareErrorsFromSession.php(49): Illuminate\\Pipeline\\Pipeline->Illuminate\\Pipeline\\{closure}(Object(Illuminate\\Http\\Request))
#24 /Users/mazbaz/Projects/VictoriaLabs/Developpement/laravel-sb-admin-2/vendor/laravel/framework/src/Illuminate/Pipeline/Pipeline.php(183): Illuminate\\View\\Middleware\\ShareErrorsFromSession->handle(Object(Illuminate\\Http\\Request), Object(Closure))
#25 /Users/mazbaz/Projects/VictoriaLabs/Developpement/laravel-sb-admin-2/vendor/laravel/framework/src/Illuminate/Session/Middleware/StartSession.php(121): Illuminate\\Pipeline\\Pipeline->Illuminate\\Pipeline\\{closure}(Object(Illuminate\\Http\\Request))
#26 /Users/mazbaz/Projects/VictoriaLabs/Developpement/laravel-sb-admin-2/vendor/laravel/framework/src/Illuminate/Session/Middleware/StartSession.php(64): Illuminate\\Session\\Middleware\\StartSession->handleStatefulRequest(Object(Illuminate\\Http\\Request), Object(Illuminate\\Session\\Store), Object(Closure))
#27 /Users/mazbaz/Projects/VictoriaLabs/Developpement/laravel-sb-admin-2/vendor/laravel/framework/src/Illuminate/Pipeline/Pipeline.php(183): Illuminate\\Session\\Middleware\\StartSession->handle(Object(Illuminate\\Http\\Request), Object(Closure))
#28 /Users/mazbaz/Projects/VictoriaLabs/Developpement/laravel-sb-admin-2/vendor/laravel/framework/src/Illuminate/Cookie/Middleware/AddQueuedCookiesToResponse.php(37): Illuminate\\Pipeline\\Pipeline->Illuminate\\Pipeline\\{closure}(Object(Illuminate\\Http\\Request))
#29 /Users/mazbaz/Projects/VictoriaLabs/Developpement/laravel-sb-admin-2/vendor/laravel/framework/src/Illuminate/Pipeline/Pipeline.php(183): Illuminate\\Cookie\\Middleware\\AddQueuedCookiesToResponse->handle(Object(Illuminate\\Http\\Request), Object(Closure))
#30 /Users/mazbaz/Projects/VictoriaLabs/Developpement/laravel-sb-admin-2/vendor/laravel/framework/src/Illuminate/Cookie/Middleware/EncryptCookies.php(75): Illuminate\\Pipeline\\Pipeline->Illuminate\\Pipeline\\{closure}(Object(Illuminate\\Http\\Request))
#31 /Users/mazbaz/Projects/VictoriaLabs/Developpement/laravel-sb-admin-2/vendor/laravel/framework/src/Illuminate/Pipeline/Pipeline.php(183): Illuminate\\Cookie\\Middleware\\EncryptCookies->handle(Object(Illuminate\\Http\\Request), Object(Closure))
#32 /Users/mazbaz/Projects/VictoriaLabs/Developpement/laravel-sb-admin-2/vendor/laravel/framework/src/Illuminate/Pipeline/Pipeline.php(119): Illuminate\\Pipeline\\Pipeline->Illuminate\\Pipeline\\{closure}(Object(Illuminate\\Http\\Request))
#33 /Users/mazbaz/Projects/VictoriaLabs/Developpement/laravel-sb-admin-2/vendor/laravel/framework/src/Illuminate/Routing/Router.php(805): Illuminate\\Pipeline\\Pipeline->then(Object(Closure))
#34 /Users/mazbaz/Projects/VictoriaLabs/Developpement/laravel-sb-admin-2/vendor/laravel/framework/src/Illuminate/Routing/Router.php(784): Illuminate\\Routing\\Router->runRouteWithinStack(Object(Illuminate\\Routing\\Route), Object(Illuminate\\Http\\Request))
#35 /Users/mazbaz/Projects/VictoriaLabs/Developpement/laravel-sb-admin-2/vendor/laravel/framework/src/Illuminate/Routing/Router.php(748): Illuminate\\Routing\\Router->runRoute(Object(Illuminate\\Http\\Request), Object(Illuminate\\Routing\\Route))
#36 /Users/mazbaz/Projects/VictoriaLabs/Developpement/laravel-sb-admin-2/vendor/laravel/framework/src/Illuminate/Routing/Router.php(737): Illuminate\\Routing\\Router->dispatchToRoute(Object(Illuminate\\Http\\Request))
#37 /Users/mazbaz/Projects/VictoriaLabs/Developpement/laravel-sb-admin-2/vendor/laravel/framework/src/Illuminate/Foundation/Http/Kernel.php(200): Illuminate\\Routing\\Router->dispatch(Object(Illuminate\\Http\\Request))
#38 /Users/mazbaz/Projects/VictoriaLabs/Developpement/laravel-sb-admin-2/vendor/laravel/framework/src/Illuminate/Pipeline/Pipeline.php(144): Illuminate\\Foundation\\Http\\Kernel->Illuminate\\Foundation\\Http\\{closure}(Object(Illuminate\\Http\\Request))
#39 /Users/mazbaz/Projects/VictoriaLabs/Developpement/laravel-sb-admin-2/vendor/livewire/livewire/src/Features/SupportDisablingBackButtonCache/DisableBackButtonCacheMiddleware.php(19): Illuminate\\Pipeline\\Pipeline->Illuminate\\Pipeline\\{closure}(Object(Illuminate\\Http\\Request))
#40 /Users/mazbaz/Projects/VictoriaLabs/Developpement/laravel-sb-admin-2/vendor/laravel/framework/src/Illuminate/Pipeline/Pipeline.php(183): Livewire\\Features\\SupportDisablingBackButtonCache\\DisableBackButtonCacheMiddleware->handle(Object(Illuminate\\Http\\Request), Object(Closure))
#41 /Users/mazbaz/Projects/VictoriaLabs/Developpement/laravel-sb-admin-2/vendor/laravel/framework/src/Illuminate/Foundation/Http/Middleware/TransformsRequest.php(21): Illuminate\\Pipeline\\Pipeline->Illuminate\\Pipeline\\{closure}(Object(Illuminate\\Http\\Request))
#42 /Users/mazbaz/Projects/VictoriaLabs/Developpement/laravel-sb-admin-2/vendor/laravel/framework/src/Illuminate/Foundation/Http/Middleware/ConvertEmptyStringsToNull.php(31): Illuminate\\Foundation\\Http\\Middleware\\TransformsRequest->handle(Object(Illuminate\\Http\\Request), Object(Closure))
#43 /Users/mazbaz/Projects/VictoriaLabs/Developpement/laravel-sb-admin-2/vendor/laravel/framework/src/Illuminate/Pipeline/Pipeline.php(183): Illuminate\\Foundation\\Http\\Middleware\\ConvertEmptyStringsToNull->handle(Object(Illuminate\\Http\\Request), Object(Closure))
#44 /Users/mazbaz/Projects/VictoriaLabs/Developpement/laravel-sb-admin-2/vendor/laravel/framework/src/Illuminate/Foundation/Http/Middleware/TransformsRequest.php(21): Illuminate\\Pipeline\\Pipeline->Illuminate\\Pipeline\\{closure}(Object(Illuminate\\Http\\Request))
#45 /Users/mazbaz/Projects/VictoriaLabs/Developpement/laravel-sb-admin-2/vendor/laravel/framework/src/Illuminate/Foundation/Http/Middleware/TrimStrings.php(50): Illuminate\\Foundation\\Http\\Middleware\\TransformsRequest->handle(Object(Illuminate\\Http\\Request), Object(Closure))
#46 /Users/mazbaz/Projects/VictoriaLabs/Developpement/laravel-sb-admin-2/vendor/laravel/framework/src/Illuminate/Pipeline/Pipeline.php(183): Illuminate\\Foundation\\Http\\Middleware\\TrimStrings->handle(Object(Illuminate\\Http\\Request), Object(Closure))
#47 /Users/mazbaz/Projects/VictoriaLabs/Developpement/laravel-sb-admin-2/vendor/laravel/framework/src/Illuminate/Http/Middleware/ValidatePostSize.php(27): Illuminate\\Pipeline\\Pipeline->Illuminate\\Pipeline\\{closure}(Object(Illuminate\\Http\\Request))
#48 /Users/mazbaz/Projects/VictoriaLabs/Developpement/laravel-sb-admin-2/vendor/laravel/framework/src/Illuminate/Pipeline/Pipeline.php(183): Illuminate\\Http\\Middleware\\ValidatePostSize->handle(Object(Illuminate\\Http\\Request), Object(Closure))
#49 /Users/mazbaz/Projects/VictoriaLabs/Developpement/laravel-sb-admin-2/vendor/laravel/framework/src/Illuminate/Foundation/Http/Middleware/PreventRequestsDuringMaintenance.php(103): Illuminate\\Pipeline\\Pipeline->Illuminate\\Pipeline\\{closure}(Object(Illuminate\\Http\\Request))
#50 /Users/mazbaz/Projects/VictoriaLabs/Developpement/laravel-sb-admin-2/vendor/laravel/framework/src/Illuminate/Pipeline/Pipeline.php(183): Illuminate\\Foundation\\Http\\Middleware\\PreventRequestsDuringMaintenance->handle(Object(Illuminate\\Http\\Request), Object(Closure))
#51 /Users/mazbaz/Projects/VictoriaLabs/Developpement/laravel-sb-admin-2/vendor/laravel/framework/src/Illuminate/Http/Middleware/HandleCors.php(49): Illuminate\\Pipeline\\Pipeline->Illuminate\\Pipeline\\{closure}(Object(Illuminate\\Http\\Request))
#52 /Users/mazbaz/Projects/VictoriaLabs/Developpement/laravel-sb-admin-2/vendor/laravel/framework/src/Illuminate/Pipeline/Pipeline.php(183): Illuminate\\Http\\Middleware\\HandleCors->handle(Object(Illuminate\\Http\\Request), Object(Closure))
#53 /Users/mazbaz/Projects/VictoriaLabs/Developpement/laravel-sb-admin-2/vendor/laravel/framework/src/Illuminate/Http/Middleware/TrustProxies.php(57): Illuminate\\Pipeline\\Pipeline->Illuminate\\Pipeline\\{closure}(Object(Illuminate\\Http\\Request))
#54 /Users/mazbaz/Projects/VictoriaLabs/Developpement/laravel-sb-admin-2/vendor/laravel/framework/src/Illuminate/Pipeline/Pipeline.php(183): Illuminate\\Http\\Middleware\\TrustProxies->handle(Object(Illuminate\\Http\\Request), Object(Closure))
#55 /Users/mazbaz/Projects/VictoriaLabs/Developpement/laravel-sb-admin-2/vendor/laravel/framework/src/Illuminate/Pipeline/Pipeline.php(119): Illuminate\\Pipeline\\Pipeline->Illuminate\\Pipeline\\{closure}(Object(Illuminate\\Http\\Request))
#56 /Users/mazbaz/Projects/VictoriaLabs/Developpement/laravel-sb-admin-2/vendor/laravel/framework/src/Illuminate/Foundation/Http/Kernel.php(175): Illuminate\\Pipeline\\Pipeline->then(Object(Closure))
#57 /Users/mazbaz/Projects/VictoriaLabs/Developpement/laravel-sb-admin-2/vendor/laravel/framework/src/Illuminate/Foundation/Http/Kernel.php(144): Illuminate\\Foundation\\Http\\Kernel->sendRequestThroughRouter(Object(Illuminate\\Http\\Request))
#58 /Users/mazbaz/Projects/VictoriaLabs/Developpement/laravel-sb-admin-2/public/index.php(54): Illuminate\\Foundation\\Http\\Kernel->handle(Object(Illuminate\\Http\\Request))
#59 /Users/mazbaz/.composer/vendor/laravel/valet/server.php(110): require('/Users/mazbaz/P...')
#60 {main}

[previous exception] [object] (Symfony\\Component\\Routing\\Exception\\RouteNotFoundException(code: 0): Route [profile.update] not defined. at /Users/mazbaz/Projects/VictoriaLabs/Developpement/laravel-sb-admin-2/vendor/laravel/framework/src/Illuminate/Routing/UrlGenerator.php:477)
[stacktrace]
#0 /Users/mazbaz/Projects/VictoriaLabs/Developpement/laravel-sb-admin-2/vendor/laravel/framework/src/Illuminate/Foundation/helpers.php(811): Illuminate\\Routing\\UrlGenerator->route('profile.update', Array, true)
#1 /Users/mazbaz/Projects/VictoriaLabs/Developpement/laravel-sb-admin-2/storage/framework/views/e00eab9991ecdcde96fdd9ae491596c9.php(79): route('profile.update')
#2 /Users/mazbaz/Projects/VictoriaLabs/Developpement/laravel-sb-admin-2/vendor/laravel/framework/src/Illuminate/Filesystem/Filesystem.php(123): require('/Users/mazbaz/P...')
#3 /Users/mazbaz/Projects/VictoriaLabs/Developpement/laravel-sb-admin-2/vendor/laravel/framework/src/Illuminate/Filesystem/Filesystem.php(124): Illuminate\\Filesystem\\Filesystem::Illuminate\\Filesystem\\{closure}()
#4 /Users/mazbaz/Projects/VictoriaLabs/Developpement/laravel-sb-admin-2/vendor/laravel/framework/src/Illuminate/View/Engines/PhpEngine.php(58): Illuminate\\Filesystem\\Filesystem->getRequire('/Users/mazbaz/P...', Array)
#5 /Users/mazbaz/Projects/VictoriaLabs/Developpement/laravel-sb-admin-2/vendor/livewire/livewire/src/Mechanisms/ExtendBlade/ExtendedCompilerEngine.php(22): Illuminate\\View\\Engines\\PhpEngine->evaluatePath('/Users/mazbaz/P...', Array)
#6 /Users/mazbaz/Projects/VictoriaLabs/Developpement/laravel-sb-admin-2/vendor/laravel/framework/src/Illuminate/View/Engines/CompilerEngine.php(73): Livewire\\Mechanisms\\ExtendBlade\\ExtendedCompilerEngine->evaluatePath('/Users/mazbaz/P...', Array)
#7 /Users/mazbaz/Projects/VictoriaLabs/Developpement/laravel-sb-admin-2/vendor/livewire/livewire/src/Mechanisms/ExtendBlade/ExtendedCompilerEngine.php(10): Illuminate\\View\\Engines\\CompilerEngine->get('/Users/mazbaz/P...', Array)
#8 /Users/mazbaz/Projects/VictoriaLabs/Developpement/laravel-sb-admin-2/vendor/laravel/framework/src/Illuminate/View/View.php(208): Livewire\\Mechanisms\\ExtendBlade\\ExtendedCompilerEngine->get('/Users/mazbaz/P...', Array)
#9 /Users/mazbaz/Projects/VictoriaLabs/Developpement/laravel-sb-admin-2/vendor/laravel/framework/src/Illuminate/View/View.php(191): Illuminate\\View\\View->getContents()
#10 /Users/mazbaz/Projects/VictoriaLabs/Developpement/laravel-sb-admin-2/vendor/laravel/framework/src/Illuminate/View/View.php(160): Illuminate\\View\\View->renderContents()
#11 /Users/mazbaz/Projects/VictoriaLabs/Developpement/laravel-sb-admin-2/vendor/laravel/framework/src/Illuminate/Http/Response.php(70): Illuminate\\View\\View->render()
#12 /Users/mazbaz/Projects/VictoriaLabs/Developpement/laravel-sb-admin-2/vendor/laravel/framework/src/Illuminate/Http/Response.php(35): Illuminate\\Http\\Response->setContent(Object(Illuminate\\View\\View))
#13 /Users/mazbaz/Projects/VictoriaLabs/Developpement/laravel-sb-admin-2/vendor/laravel/framework/src/Illuminate/Routing/Router.php(918): Illuminate\\Http\\Response->__construct(Object(Illuminate\\View\\View), 200, Array)
#14 /Users/mazbaz/Projects/VictoriaLabs/Developpement/laravel-sb-admin-2/vendor/laravel/framework/src/Illuminate/Routing/Router.php(885): Illuminate\\Routing\\Router::toResponse(Object(Illuminate\\Http\\Request), Object(Illuminate\\View\\View))
#15 /Users/mazbaz/Projects/VictoriaLabs/Developpement/laravel-sb-admin-2/vendor/laravel/framework/src/Illuminate/Routing/Router.php(805): Illuminate\\Routing\\Router->prepareResponse(Object(Illuminate\\Http\\Request), Object(Illuminate\\View\\View))
#16 /Users/mazbaz/Projects/VictoriaLabs/Developpement/laravel-sb-admin-2/vendor/laravel/framework/src/Illuminate/Pipeline/Pipeline.php(144): Illuminate\\Routing\\Router->Illuminate\\Routing\\{closure}(Object(Illuminate\\Http\\Request))
#17 /Users/mazbaz/Projects/VictoriaLabs/Developpement/laravel-sb-admin-2/vendor/laravel/framework/src/Illuminate/Routing/Middleware/SubstituteBindings.php(50): Illuminate\\Pipeline\\Pipeline->Illuminate\\Pipeline\\{closure}(Object(Illuminate\\Http\\Request))
#18 /Users/mazbaz/Projects/VictoriaLabs/Developpement/laravel-sb-admin-2/vendor/laravel/framework/src/Illuminate/Pipeline/Pipeline.php(183): Illuminate\\Routing\\Middleware\\SubstituteBindings->handle(Object(Illuminate\\Http\\Request), Object(Closure))
#19 /Users/mazbaz/Projects/VictoriaLabs/Developpement/laravel-sb-admin-2/vendor/laravel/framework/src/Illuminate/Auth/Middleware/Authenticate.php(64): Illuminate\\Pipeline\\Pipeline->Illuminate\\Pipeline\\{closure}(Object(Illuminate\\Http\\Request))
#20 /Users/mazbaz/Projects/VictoriaLabs/Developpement/laravel-sb-admin-2/vendor/laravel/framework/src/Illuminate/Pipeline/Pipeline.php(183): Illuminate\\Auth\\Middleware\\Authenticate->handle(Object(Illuminate\\Http\\Request), Object(Closure))
#21 /Users/mazbaz/Projects/VictoriaLabs/Developpement/laravel-sb-admin-2/vendor/laravel/framework/src/Illuminate/Foundation/Http/Middleware/VerifyCsrfToken.php(81): Illuminate\\Pipeline\\Pipeline->Illuminate\\Pipeline\\{closure}(Object(Illuminate\\Http\\Request))
#22 /Users/mazbaz/Projects/VictoriaLabs/Developpement/laravel-sb-admin-2/vendor/laravel/framework/src/Illuminate/Pipeline/Pipeline.php(183): Illuminate\\Foundation\\Http\\Middleware\\VerifyCsrfToken->handle(Object(Illuminate\\Http\\Request), Object(Closure))
#23 /Users/mazbaz/Projects/VictoriaLabs/Developpement/laravel-sb-admin-2/vendor/laravel/framework/src/Illuminate/View/Middleware/ShareErrorsFromSession.php(49): Illuminate\\Pipeline\\Pipeline->Illuminate\\Pipeline\\{closure}(Object(Illuminate\\Http\\Request))
#24 /Users/mazbaz/Projects/VictoriaLabs/Developpement/laravel-sb-admin-2/vendor/laravel/framework/src/Illuminate/Pipeline/Pipeline.php(183): Illuminate\\View\\Middleware\\ShareErrorsFromSession->handle(Object(Illuminate\\Http\\Request), Object(Closure))
#25 /Users/mazbaz/Projects/VictoriaLabs/Developpement/laravel-sb-admin-2/vendor/laravel/framework/src/Illuminate/Session/Middleware/StartSession.php(121): Illuminate\\Pipeline\\Pipeline->Illuminate\\Pipeline\\{closure}(Object(Illuminate\\Http\\Request))
#26 /Users/mazbaz/Projects/VictoriaLabs/Developpement/laravel-sb-admin-2/vendor/laravel/framework/src/Illuminate/Session/Middleware/StartSession.php(64): Illuminate\\Session\\Middleware\\StartSession->handleStatefulRequest(Object(Illuminate\\Http\\Request), Object(Illuminate\\Session\\Store), Object(Closure))
#27 /Users/mazbaz/Projects/VictoriaLabs/Developpement/laravel-sb-admin-2/vendor/laravel/framework/src/Illuminate/Pipeline/Pipeline.php(183): Illuminate\\Session\\Middleware\\StartSession->handle(Object(Illuminate\\Http\\Request), Object(Closure))
#28 /Users/mazbaz/Projects/VictoriaLabs/Developpement/laravel-sb-admin-2/vendor/laravel/framework/src/Illuminate/Cookie/Middleware/AddQueuedCookiesToResponse.php(37): Illuminate\\Pipeline\\Pipeline->Illuminate\\Pipeline\\{closure}(Object(Illuminate\\Http\\Request))
#29 /Users/mazbaz/Projects/VictoriaLabs/Developpement/laravel-sb-admin-2/vendor/laravel/framework/src/Illuminate/Pipeline/Pipeline.php(183): Illuminate\\Cookie\\Middleware\\AddQueuedCookiesToResponse->handle(Object(Illuminate\\Http\\Request), Object(Closure))
#30 /Users/mazbaz/Projects/VictoriaLabs/Developpement/laravel-sb-admin-2/vendor/laravel/framework/src/Illuminate/Cookie/Middleware/EncryptCookies.php(75): Illuminate\\Pipeline\\Pipeline->Illuminate\\Pipeline\\{closure}(Object(Illuminate\\Http\\Request))
#31 /Users/mazbaz/Projects/VictoriaLabs/Developpement/laravel-sb-admin-2/vendor/laravel/framework/src/Illuminate/Pipeline/Pipeline.php(183): Illuminate\\Cookie\\Middleware\\EncryptCookies->handle(Object(Illuminate\\Http\\Request), Object(Closure))
#32 /Users/mazbaz/Projects/VictoriaLabs/Developpement/laravel-sb-admin-2/vendor/laravel/framework/src/Illuminate/Pipeline/Pipeline.php(119): Illuminate\\Pipeline\\Pipeline->Illuminate\\Pipeline\\{closure}(Object(Illuminate\\Http\\Request))
#33 /Users/mazbaz/Projects/VictoriaLabs/Developpement/laravel-sb-admin-2/vendor/laravel/framework/src/Illuminate/Routing/Router.php(805): Illuminate\\Pipeline\\Pipeline->then(Object(Closure))
#34 /Users/mazbaz/Projects/VictoriaLabs/Developpement/laravel-sb-admin-2/vendor/laravel/framework/src/Illuminate/Routing/Router.php(784): Illuminate\\Routing\\Router->runRouteWithinStack(Object(Illuminate\\Routing\\Route), Object(Illuminate\\Http\\Request))
#35 /Users/mazbaz/Projects/VictoriaLabs/Developpement/laravel-sb-admin-2/vendor/laravel/framework/src/Illuminate/Routing/Router.php(748): Illuminate\\Routing\\Router->runRoute(Object(Illuminate\\Http\\Request), Object(Illuminate\\Routing\\Route))
#36 /Users/mazbaz/Projects/VictoriaLabs/Developpement/laravel-sb-admin-2/vendor/laravel/framework/src/Illuminate/Routing/Router.php(737): Illuminate\\Routing\\Router->dispatchToRoute(Object(Illuminate\\Http\\Request))
#37 /Users/mazbaz/Projects/VictoriaLabs/Developpement/laravel-sb-admin-2/vendor/laravel/framework/src/Illuminate/Foundation/Http/Kernel.php(200): Illuminate\\Routing\\Router->dispatch(Object(Illuminate\\Http\\Request))
#38 /Users/mazbaz/Projects/VictoriaLabs/Developpement/laravel-sb-admin-2/vendor/laravel/framework/src/Illuminate/Pipeline/Pipeline.php(144): Illuminate\\Foundation\\Http\\Kernel->Illuminate\\Foundation\\Http\\{closure}(Object(Illuminate\\Http\\Request))
#39 /Users/mazbaz/Projects/VictoriaLabs/Developpement/laravel-sb-admin-2/vendor/livewire/livewire/src/Features/SupportDisablingBackButtonCache/DisableBackButtonCacheMiddleware.php(19): Illuminate\\Pipeline\\Pipeline->Illuminate\\Pipeline\\{closure}(Object(Illuminate\\Http\\Request))
#40 /Users/mazbaz/Projects/VictoriaLabs/Developpement/laravel-sb-admin-2/vendor/laravel/framework/src/Illuminate/Pipeline/Pipeline.php(183): Livewire\\Features\\SupportDisablingBackButtonCache\\DisableBackButtonCacheMiddleware->handle(Object(Illuminate\\Http\\Request), Object(Closure))
#41 /Users/mazbaz/Projects/VictoriaLabs/Developpement/laravel-sb-admin-2/vendor/laravel/framework/src/Illuminate/Foundation/Http/Middleware/TransformsRequest.php(21): Illuminate\\Pipeline\\Pipeline->Illuminate\\Pipeline\\{closure}(Object(Illuminate\\Http\\Request))
#42 /Users/mazbaz/Projects/VictoriaLabs/Developpement/laravel-sb-admin-2/vendor/laravel/framework/src/Illuminate/Foundation/Http/Middleware/ConvertEmptyStringsToNull.php(31): Illuminate\\Foundation\\Http\\Middleware\\TransformsRequest->handle(Object(Illuminate\\Http\\Request), Object(Closure))
#43 /Users/mazbaz/Projects/VictoriaLabs/Developpement/laravel-sb-admin-2/vendor/laravel/framework/src/Illuminate/Pipeline/Pipeline.php(183): Illuminate\\Foundation\\Http\\Middleware\\ConvertEmptyStringsToNull->handle(Object(Illuminate\\Http\\Request), Object(Closure))
#44 /Users/mazbaz/Projects/VictoriaLabs/Developpement/laravel-sb-admin-2/vendor/laravel/framework/src/Illuminate/Foundation/Http/Middleware/TransformsRequest.php(21): Illuminate\\Pipeline\\Pipeline->Illuminate\\Pipeline\\{closure}(Object(Illuminate\\Http\\Request))
#45 /Users/mazbaz/Projects/VictoriaLabs/Developpement/laravel-sb-admin-2/vendor/laravel/framework/src/Illuminate/Foundation/Http/Middleware/TrimStrings.php(50): Illuminate\\Foundation\\Http\\Middleware\\TransformsRequest->handle(Object(Illuminate\\Http\\Request), Object(Closure))
#46 /Users/mazbaz/Projects/VictoriaLabs/Developpement/laravel-sb-admin-2/vendor/laravel/framework/src/Illuminate/Pipeline/Pipeline.php(183): Illuminate\\Foundation\\Http\\Middleware\\TrimStrings->handle(Object(Illuminate\\Http\\Request), Object(Closure))
#47 /Users/mazbaz/Projects/VictoriaLabs/Developpement/laravel-sb-admin-2/vendor/laravel/framework/src/Illuminate/Http/Middleware/ValidatePostSize.php(27): Illuminate\\Pipeline\\Pipeline->Illuminate\\Pipeline\\{closure}(Object(Illuminate\\Http\\Request))
#48 /Users/mazbaz/Projects/VictoriaLabs/Developpement/laravel-sb-admin-2/vendor/laravel/framework/src/Illuminate/Pipeline/Pipeline.php(183): Illuminate\\Http\\Middleware\\ValidatePostSize->handle(Object(Illuminate\\Http\\Request), Object(Closure))
#49 /Users/mazbaz/Projects/VictoriaLabs/Developpement/laravel-sb-admin-2/vendor/laravel/framework/src/Illuminate/Foundation/Http/Middleware/PreventRequestsDuringMaintenance.php(103): Illuminate\\Pipeline\\Pipeline->Illuminate\\Pipeline\\{closure}(Object(Illuminate\\Http\\Request))
#50 /Users/mazbaz/Projects/VictoriaLabs/Developpement/laravel-sb-admin-2/vendor/laravel/framework/src/Illuminate/Pipeline/Pipeline.php(183): Illuminate\\Foundation\\Http\\Middleware\\PreventRequestsDuringMaintenance->handle(Object(Illuminate\\Http\\Request), Object(Closure))
#51 /Users/mazbaz/Projects/VictoriaLabs/Developpement/laravel-sb-admin-2/vendor/laravel/framework/src/Illuminate/Http/Middleware/HandleCors.php(49): Illuminate\\Pipeline\\Pipeline->Illuminate\\Pipeline\\{closure}(Object(Illuminate\\Http\\Request))
#52 /Users/mazbaz/Projects/VictoriaLabs/Developpement/laravel-sb-admin-2/vendor/laravel/framework/src/Illuminate/Pipeline/Pipeline.php(183): Illuminate\\Http\\Middleware\\HandleCors->handle(Object(Illuminate\\Http\\Request), Object(Closure))
#53 /Users/mazbaz/Projects/VictoriaLabs/Developpement/laravel-sb-admin-2/vendor/laravel/framework/src/Illuminate/Http/Middleware/TrustProxies.php(57): Illuminate\\Pipeline\\Pipeline->Illuminate\\Pipeline\\{closure}(Object(Illuminate\\Http\\Request))
#54 /Users/mazbaz/Projects/VictoriaLabs/Developpement/laravel-sb-admin-2/vendor/laravel/framework/src/Illuminate/Pipeline/Pipeline.php(183): Illuminate\\Http\\Middleware\\TrustProxies->handle(Object(Illuminate\\Http\\Request), Object(Closure))
#55 /Users/mazbaz/Projects/VictoriaLabs/Developpement/laravel-sb-admin-2/vendor/laravel/framework/src/Illuminate/Pipeline/Pipeline.php(119): Illuminate\\Pipeline\\Pipeline->Illuminate\\Pipeline\\{closure}(Object(Illuminate\\Http\\Request))
#56 /Users/mazbaz/Projects/VictoriaLabs/Developpement/laravel-sb-admin-2/vendor/laravel/framework/src/Illuminate/Foundation/Http/Kernel.php(175): Illuminate\\Pipeline\\Pipeline->then(Object(Closure))
#57 /Users/mazbaz/Projects/VictoriaLabs/Developpement/laravel-sb-admin-2/vendor/laravel/framework/src/Illuminate/Foundation/Http/Kernel.php(144): Illuminate\\Foundation\\Http\\Kernel->sendRequestThroughRouter(Object(Illuminate\\Http\\Request))
#58 /Users/mazbaz/Projects/VictoriaLabs/Developpement/laravel-sb-admin-2/public/index.php(54): Illuminate\\Foundation\\Http\\Kernel->handle(Object(Illuminate\\Http\\Request))
#59 /Users/mazbaz/.composer/vendor/laravel/valet/server.php(110): require('/Users/mazbaz/P...')
#60 {main}
"} 
